<?xml version="1.0" encoding="UTF-8"?>
<!-- Generated by org.testng.reporters.JUnitXMLReporter -->
<testsuite ignored="0" hostname="edbb9dd5f51453f" failures="0" tests="2" name="Default test" time="4.242" errors="0" timestamp="2025-03-19T17:36:47 IST">
  <testcase classname="com.restcountries.qa.RestAPITestJava.CapitalAPITest" name="getCapitalTest" time="2.929"/>
  <testcase classname="com.restcountries.qa.RestAPITestJava.CapitalAPITest" name="getCapitalWithInvalidDataTest" time="0.779"/>
</testsuite> <!-- Default test -->
