<?xml version="1.0" encoding="UTF-8"?>
<testng-results ignored="0" total="2" passed="2" failed="0" skipped="0">
  <reporter-output>
  </reporter-output>
  <suite started-at="2025-03-18T18:47:56 IST" name="Autify Test Suite" finished-at="2025-03-18T18:51:03 IST" duration-ms="187373">
    <groups>
      <group name="Sanity">
        <method signature="AutifyTest.signUpErrorMessageTest()[pri:0, instance:com.autify.qa.SeleniumJava.AutifyTest@5ab956d7]" name="signUpErrorMessageTest" class="com.autify.qa.SeleniumJava.AutifyTest"/>
      </group> <!-- Sanity -->
      <group name="Smoke">
        <method signature="AutifyTest.newTabTest()[pri:0, instance:com.autify.qa.SeleniumJava.AutifyTest@5ab956d7]" name="newTabTest" class="com.autify.qa.SeleniumJava.AutifyTest"/>
      </group> <!-- Smoke -->
    </groups>
    <test started-at="2025-03-18T18:47:56 IST" name="Autify Smoke Test" finished-at="2025-03-18T18:51:03 IST" duration-ms="187373">
      <class name="com.autify.qa.SeleniumJava.AutifyTest">
        <test-method is-config="true" signature="setUp()[pri:0, instance:com.autify.qa.SeleniumJava.AutifyTest@5ab956d7]" started-at="2025-03-18T18:47:56 IST" name="setUp" finished-at="2025-03-18T18:48:09 IST" duration-ms="12911" status="PASS">
          <reporter-output>
          </reporter-output>
        </test-method> <!-- setUp -->
        <test-method signature="newTabTest()[pri:0, instance:com.autify.qa.SeleniumJava.AutifyTest@5ab956d7]" started-at="2025-03-18T18:48:09 IST" name="newTabTest" finished-at="2025-03-18T18:49:29 IST" duration-ms="80469" status="PASS">
          <reporter-output>
          </reporter-output>
        </test-method> <!-- newTabTest -->
        <test-method is-config="true" signature="tearDown()[pri:0, instance:com.autify.qa.SeleniumJava.AutifyTest@5ab956d7]" started-at="2025-03-18T18:49:29 IST" name="tearDown" finished-at="2025-03-18T18:49:30 IST" duration-ms="585" status="PASS">
          <reporter-output>
          </reporter-output>
        </test-method> <!-- tearDown -->
        <test-method is-config="true" signature="setUp()[pri:0, instance:com.autify.qa.SeleniumJava.AutifyTest@5ab956d7]" started-at="2025-03-18T18:49:30 IST" name="setUp" finished-at="2025-03-18T18:49:40 IST" duration-ms="10293" status="PASS">
          <reporter-output>
          </reporter-output>
        </test-method> <!-- setUp -->
        <test-method signature="signUpErrorMessageTest()[pri:0, instance:com.autify.qa.SeleniumJava.AutifyTest@5ab956d7]" started-at="2025-03-18T18:49:40 IST" name="signUpErrorMessageTest" finished-at="2025-03-18T18:51:03 IST" duration-ms="82646" status="PASS">
          <reporter-output>
          </reporter-output>
        </test-method> <!-- signUpErrorMessageTest -->
        <test-method is-config="true" signature="tearDown()[pri:0, instance:com.autify.qa.SeleniumJava.AutifyTest@5ab956d7]" started-at="2025-03-18T18:51:03 IST" name="tearDown" finished-at="2025-03-18T18:51:03 IST" duration-ms="319" status="PASS">
          <reporter-output>
          </reporter-output>
        </test-method> <!-- tearDown -->
      </class> <!-- com.autify.qa.SeleniumJava.AutifyTest -->
    </test> <!-- Autify Smoke Test -->
  </suite> <!-- Autify Test Suite -->
</testng-results>
