<?xml version="1.0" encoding="UTF-8"?>
<testng-results ignored="0" total="2" passed="2" failed="0" skipped="0">
  <reporter-output>
  </reporter-output>
  <suite started-at="2025-03-19T20:42:39 IST" name="API Test Suite" finished-at="2025-03-19T20:42:44 IST" duration-ms="5123">
    <groups>
    </groups>
    <test started-at="2025-03-19T20:42:39 IST" name="Capital API Test" finished-at="2025-03-19T20:42:44 IST" duration-ms="5123">
      <class name="com.restcountries.qa.RestAPITestJava.CapitalAPITest">
        <test-method is-config="true" signature="setup()[pri:0, instance:com.restcountries.qa.RestAPITestJava.CapitalAPITest@5ab956d7]" started-at="2025-03-19T20:42:39 IST" name="setup" finished-at="2025-03-19T20:42:39 IST" duration-ms="440" status="PASS">
          <reporter-output>
          </reporter-output>
        </test-method> <!-- setup -->
        <test-method signature="getCapitalTest()[pri:0, instance:com.restcountries.qa.RestAPITestJava.CapitalAPITest@5ab956d7]" started-at="2025-03-19T20:42:39 IST" name="getCapitalTest" finished-at="2025-03-19T20:42:43 IST" duration-ms="3848" status="PASS">
          <reporter-output>
          </reporter-output>
        </test-method> <!-- getCapitalTest -->
        <test-method signature="getCapitalWithInvalidDataTest()[pri:0, instance:com.restcountries.qa.RestAPITestJava.CapitalAPITest@5ab956d7]" started-at="2025-03-19T20:42:43 IST" name="getCapitalWithInvalidDataTest" finished-at="2025-03-19T20:42:44 IST" duration-ms="786" status="PASS">
          <reporter-output>
          </reporter-output>
        </test-method> <!-- getCapitalWithInvalidDataTest -->
      </class> <!-- com.restcountries.qa.RestAPITestJava.CapitalAPITest -->
    </test> <!-- Capital API Test -->
  </suite> <!-- API Test Suite -->
</testng-results>
