<?xml version="1.0" encoding="UTF-8"?>
<!-- Generated by org.testng.reporters.JUnitXMLReporter -->
<testsuite ignored="0" hostname="edbb9dd5f51453f" failures="0" tests="2" name="Capital API Test" time="5.123" errors="0" timestamp="2025-03-19T20:42:44 IST">
  <testcase classname="com.restcountries.qa.RestAPITestJava.CapitalAPITest" name="getCapitalTest" time="3.848"/>
  <testcase classname="com.restcountries.qa.RestAPITestJava.CapitalAPITest" name="getCapitalWithInvalidDataTest" time="0.786"/>
</testsuite> <!-- Capital API Test -->
